0 info it worked if it ends with ok
1 verbose cli [ 'node',
1 verbose cli   '/usr/local/bin/npm',
1 verbose cli   'update',
1 verbose cli   '-g',
1 verbose cli   'generator-angular-fullstack' ]
2 info using npm@1.3.21
3 info using node@v0.10.24
4 verbose url raw generator-angular-fullstack/latest
5 verbose url resolving [ 'https://registry.npmjs.org/',
5 verbose url resolving   './generator-angular-fullstack/latest' ]
6 verbose url resolved https://registry.npmjs.org/generator-angular-fullstack/latest
7 info trying registry request attempt 1 at 14:26:58
8 verbose etag "10PIGGYPHVX4GSVPOBENTL1O7"
9 http GET https://registry.npmjs.org/generator-angular-fullstack/latest
10 http 304 https://registry.npmjs.org/generator-angular-fullstack/latest
11 silly registry.get cb [ 304,
11 silly registry.get   { date: 'Mon, 24 Nov 2014 03:26:59 GMT',
11 silly registry.get     server: 'Apache',
11 silly registry.get     via: '1.1 varnish',
11 silly registry.get     'last-modified': 'Mon, 24 Nov 2014 03:26:59 GMT',
11 silly registry.get     'cache-control': 'max-age=60',
11 silly registry.get     etag: '"10PIGGYPHVX4GSVPOBENTL1O7"',
11 silly registry.get     age: '0',
11 silly registry.get     'x-served-by': 'cache-syd1620-SYD',
11 silly registry.get     'x-cache': 'MISS',
11 silly registry.get     'x-cache-hits': '0',
11 silly registry.get     'x-timer': 'S1416799619.274204,VS0,VE234',
11 silly registry.get     vary: 'Accept',
11 silly registry.get     'content-length': '0',
11 silly registry.get     'keep-alive': 'timeout=10, max=50',
11 silly registry.get     connection: 'Keep-Alive' } ]
12 verbose etag generator-angular-fullstack/latest from cache
13 verbose cache add [ 'generator-angular-fullstack', '*' ]
14 verbose cache add name="generator-angular-fullstack" spec="*" args=["generator-angular-fullstack","*"]
15 verbose parsed url { protocol: null,
15 verbose parsed url   slashes: null,
15 verbose parsed url   auth: null,
15 verbose parsed url   host: null,
15 verbose parsed url   port: null,
15 verbose parsed url   hostname: null,
15 verbose parsed url   hash: null,
15 verbose parsed url   search: null,
15 verbose parsed url   query: null,
15 verbose parsed url   pathname: '*',
15 verbose parsed url   path: '*',
15 verbose parsed url   href: '*' }
16 verbose addNamed [ 'generator-angular-fullstack', '*' ]
17 verbose addNamed [ null, '*' ]
18 silly lockFile ab81aab8-generator-angular-fullstack generator-angular-fullstack@*
19 verbose lock generator-angular-fullstack@* /Users/quentindejean/.npm/ab81aab8-generator-angular-fullstack.lock
20 silly addNameRange { name: 'generator-angular-fullstack',
20 silly addNameRange   range: '*',
20 silly addNameRange   hasData: false }
21 verbose url raw generator-angular-fullstack
22 verbose url resolving [ 'https://registry.npmjs.org/',
22 verbose url resolving   './generator-angular-fullstack' ]
23 verbose url resolved https://registry.npmjs.org/generator-angular-fullstack
24 info trying registry request attempt 1 at 14:26:59
25 verbose etag "10PIGGYPHVX4GSVPOBENTL1O7"
26 http GET https://registry.npmjs.org/generator-angular-fullstack
27 http 304 https://registry.npmjs.org/generator-angular-fullstack
28 silly registry.get cb [ 304,
28 silly registry.get   { date: 'Mon, 24 Nov 2014 03:26:59 GMT',
28 silly registry.get     server: 'Apache',
28 silly registry.get     via: '1.1 varnish',
28 silly registry.get     'last-modified': 'Mon, 24 Nov 2014 03:26:59 GMT',
28 silly registry.get     'cache-control': 'max-age=60',
28 silly registry.get     etag: '"10PIGGYPHVX4GSVPOBENTL1O7"',
28 silly registry.get     age: '0',
28 silly registry.get     'x-served-by': 'cache-syd1620-SYD',
28 silly registry.get     'x-cache': 'HIT',
28 silly registry.get     'x-cache-hits': '1',
28 silly registry.get     'x-timer': 'S1416799619.629532,VS0,VE234',
28 silly registry.get     vary: 'Accept',
28 silly registry.get     'content-length': '0',
28 silly registry.get     'keep-alive': 'timeout=10, max=50',
28 silly registry.get     connection: 'Keep-Alive' } ]
29 verbose etag generator-angular-fullstack from cache
30 silly addNameRange number 2 { name: 'generator-angular-fullstack',
30 silly addNameRange   range: '*',
30 silly addNameRange   hasData: true }
31 silly addNameRange versions [ 'generator-angular-fullstack',
31 silly addNameRange   [ '0.0.1',
31 silly addNameRange     '0.0.2',
31 silly addNameRange     '0.0.3',
31 silly addNameRange     '0.0.4',
31 silly addNameRange     '0.0.5',
31 silly addNameRange     '0.1.0',
31 silly addNameRange     '0.2.0',
31 silly addNameRange     '1.0.0',
31 silly addNameRange     '1.0.1',
31 silly addNameRange     '1.1.0',
31 silly addNameRange     '1.1.1',
31 silly addNameRange     '1.2.0',
31 silly addNameRange     '1.2.1',
31 silly addNameRange     '1.2.2',
31 silly addNameRange     '1.2.3',
31 silly addNameRange     '1.2.4',
31 silly addNameRange     '1.2.5',
31 silly addNameRange     '1.2.6',
31 silly addNameRange     '1.2.7',
31 silly addNameRange     '1.3.0',
31 silly addNameRange     '1.3.1',
31 silly addNameRange     '1.3.2',
31 silly addNameRange     '1.3.3',
31 silly addNameRange     '1.4.0',
31 silly addNameRange     '1.4.1',
31 silly addNameRange     '1.4.2',
31 silly addNameRange     '1.4.3',
31 silly addNameRange     '2.0.0-rc1',
31 silly addNameRange     '2.0.0',
31 silly addNameRange     '2.0.1',
31 silly addNameRange     '2.0.2',
31 silly addNameRange     '2.0.3',
31 silly addNameRange     '2.0.4',
31 silly addNameRange     '2.0.5',
31 silly addNameRange     '2.0.6',
31 silly addNameRange     '2.0.7',
31 silly addNameRange     '2.0.8',
31 silly addNameRange     '2.0.9',
31 silly addNameRange     '2.0.10',
31 silly addNameRange     '2.0.11',
31 silly addNameRange     '2.0.12',
31 silly addNameRange     '2.0.13' ] ]
32 verbose addNamed [ 'generator-angular-fullstack', '2.0.13' ]
33 verbose addNamed [ '2.0.13', '2.0.13' ]
34 silly lockFile ad937c6d-nerator-angular-fullstack-2-0-13 generator-angular-fullstack@2.0.13
35 verbose lock generator-angular-fullstack@2.0.13 /Users/quentindejean/.npm/ad937c6d-nerator-angular-fullstack-2-0-13.lock
36 silly lockFile ad937c6d-nerator-angular-fullstack-2-0-13 generator-angular-fullstack@2.0.13
37 silly lockFile ad937c6d-nerator-angular-fullstack-2-0-13 generator-angular-fullstack@2.0.13
38 silly lockFile ab81aab8-generator-angular-fullstack generator-angular-fullstack@*
39 silly lockFile ab81aab8-generator-angular-fullstack generator-angular-fullstack@*
40 info outdated updating [ [ '/usr/local/lib',
40 info outdated     'generator-angular-fullstack',
40 info outdated     '1.3.3',
40 info outdated     '2.0.13',
40 info outdated     '2.0.13',
40 info outdated     '*' ] ]
41 verbose install where,what [ '/usr/local/lib', [ 'generator-angular-fullstack@2.0.13' ] ]
42 verbose cache add [ 'generator-angular-fullstack@2.0.13', null ]
43 verbose cache add name=undefined spec="generator-angular-fullstack@2.0.13" args=["generator-angular-fullstack@2.0.13",null]
44 verbose parsed url { protocol: null,
44 verbose parsed url   slashes: null,
44 verbose parsed url   auth: null,
44 verbose parsed url   host: null,
44 verbose parsed url   port: null,
44 verbose parsed url   hostname: null,
44 verbose parsed url   hash: null,
44 verbose parsed url   search: null,
44 verbose parsed url   query: null,
44 verbose parsed url   pathname: 'generator-angular-fullstack@2.0.13',
44 verbose parsed url   path: 'generator-angular-fullstack@2.0.13',
44 verbose parsed url   href: 'generator-angular-fullstack@2.0.13' }
45 verbose cache add name="generator-angular-fullstack" spec="2.0.13" args=["generator-angular-fullstack","2.0.13"]
46 verbose parsed url { protocol: null,
46 verbose parsed url   slashes: null,
46 verbose parsed url   auth: null,
46 verbose parsed url   host: null,
46 verbose parsed url   port: null,
46 verbose parsed url   hostname: null,
46 verbose parsed url   hash: null,
46 verbose parsed url   search: null,
46 verbose parsed url   query: null,
46 verbose parsed url   pathname: '2.0.13',
46 verbose parsed url   path: '2.0.13',
46 verbose parsed url   href: '2.0.13' }
47 verbose addNamed [ 'generator-angular-fullstack', '2.0.13' ]
48 verbose addNamed [ '2.0.13', '2.0.13' ]
49 silly lockFile ad937c6d-nerator-angular-fullstack-2-0-13 generator-angular-fullstack@2.0.13
50 verbose lock generator-angular-fullstack@2.0.13 /Users/quentindejean/.npm/ad937c6d-nerator-angular-fullstack-2-0-13.lock
51 verbose url raw generator-angular-fullstack/2.0.13
52 verbose url resolving [ 'https://registry.npmjs.org/',
52 verbose url resolving   './generator-angular-fullstack/2.0.13' ]
53 verbose url resolved https://registry.npmjs.org/generator-angular-fullstack/2.0.13
54 info trying registry request attempt 1 at 14:26:59
55 verbose etag "10PIGGYPHVX4GSVPOBENTL1O7"
56 http GET https://registry.npmjs.org/generator-angular-fullstack/2.0.13
57 http 304 https://registry.npmjs.org/generator-angular-fullstack/2.0.13
58 silly registry.get cb [ 304,
58 silly registry.get   { date: 'Mon, 24 Nov 2014 03:26:59 GMT',
58 silly registry.get     server: 'Apache',
58 silly registry.get     via: '1.1 varnish',
58 silly registry.get     'last-modified': 'Mon, 24 Nov 2014 03:27:00 GMT',
58 silly registry.get     'cache-control': 'max-age=60',
58 silly registry.get     etag: '"10PIGGYPHVX4GSVPOBENTL1O7"',
58 silly registry.get     age: '0',
58 silly registry.get     'x-served-by': 'cache-syd1623-SYD',
58 silly registry.get     'x-cache': 'MISS',
58 silly registry.get     'x-cache-hits': '0',
58 silly registry.get     'x-timer': 'S1416799619.968755,VS0,VE185',
58 silly registry.get     vary: 'Accept',
58 silly registry.get     'content-length': '0',
58 silly registry.get     'keep-alive': 'timeout=10, max=50',
58 silly registry.get     connection: 'Keep-Alive' } ]
59 verbose etag generator-angular-fullstack/2.0.13 from cache
60 silly lockFile ad937c6d-nerator-angular-fullstack-2-0-13 generator-angular-fullstack@2.0.13
61 silly lockFile ad937c6d-nerator-angular-fullstack-2-0-13 generator-angular-fullstack@2.0.13
62 silly resolved [ { name: 'generator-angular-fullstack',
62 silly resolved     version: '2.0.13',
62 silly resolved     description: 'Yeoman generator for creating MEAN stack applications, using MongoDB, Express, AngularJS, and Node',
62 silly resolved     keywords:
62 silly resolved      [ 'yeoman-generator',
62 silly resolved        'mean',
62 silly resolved        'mongodb',
62 silly resolved        'angularjs',
62 silly resolved        'express',
62 silly resolved        'scaffold',
62 silly resolved        'fullstack',
62 silly resolved        'framework',
62 silly resolved        'component',
62 silly resolved        'front-end',
62 silly resolved        'app' ],
62 silly resolved     homepage: 'https://github.com/DaftMonk/generator-angular-fullstack',
62 silly resolved     bugs: { url: 'https://github.com/DaftMonk/generator-angular-fullstack/issues' },
62 silly resolved     author: { name: 'Tyler Henkel' },
62 silly resolved     repository:
62 silly resolved      { type: 'git',
62 silly resolved        url: 'git://github.com/DaftMonk/generator-angular-fullstack.git' },
62 silly resolved     scripts: { test: 'grunt test' },
62 silly resolved     dependencies:
62 silly resolved      { 'yeoman-generator': '~0.17.0',
62 silly resolved        chalk: '~0.4.0',
62 silly resolved        wiredep: '~0.4.2',
62 silly resolved        'generator-ng-component': '~0.0.4' },
62 silly resolved     peerDependencies: { yo: '>=1.2.0' },
62 silly resolved     devDependencies:
62 silly resolved      { chai: '^1.9.1',
62 silly resolved        'fs-extra': '^0.9.1',
62 silly resolved        grunt: '~0.4.1',
62 silly resolved        'grunt-build-control': 'DaftMonk/grunt-build-control',
62 silly resolved        'grunt-contrib-clean': '^0.6.0',
62 silly resolved        'grunt-contrib-jshint': '^0.10.0',
62 silly resolved        'grunt-conventional-changelog': '~1.0.0',
62 silly resolved        'grunt-mocha-test': '^0.11.0',
62 silly resolved        'grunt-release': '~0.6.0',
62 silly resolved        'load-grunt-tasks': '~0.2.0',
62 silly resolved        marked: '~0.2.8',
62 silly resolved        mocha: '~1.21.0',
62 silly resolved        q: '^1.0.1',
62 silly resolved        semver: '~2.2.1',
62 silly resolved        shelljs: '^0.3.0',
62 silly resolved        'underscore.string': '^2.3.3' },
62 silly resolved     engines: { node: '>=0.10.0', npm: '>=1.2.10' },
62 silly resolved     licenses: [ [Object] ],
62 silly resolved     readme: '# AngularJS Full-Stack generator [![Build Status](https://travis-ci.org/DaftMonk/generator-angular-fullstack.svg?branch=master)](http://travis-ci.org/DaftMonk/generator-angular-fullstack)\n\n> Yeoman generator for creating MEAN stack applications, using MongoDB, Express, AngularJS, and Node - lets you quickly set up a project following best practices.\n\n## Example project\n\nGenerated with defaults: http://fullstack-demo.herokuapp.com/.\n\nSource code: https://github.com/DaftMonk/fullstack-demo\n\n## Usage\n\nInstall `generator-angular-fullstack`:\n```\nnpm install -g generator-angular-fullstack\n```\n\nMake a new directory, and `cd` into it:\n```\nmkdir my-new-project && cd $_\n```\n\nRun `yo angular-fullstack`, optionally passing an app name:\n```\nyo angular-fullstack [app-name]\n```\n\nRun `grunt` for building, `grunt serve` for preview, and `grunt serve:dist` for a preview of the built app.\n\n## Prerequisites\n\n* MongoDB - Download and Install [MongoDB](http://www.mongodb.org/downloads) - If you plan on scaffolding your project with mongoose, you\'ll need mongoDB to be installed and have the `mongod` process running.\n\n## Supported Configurations\n\n**Client**\n\n* Scripts: `JavaScript`, `CoffeeScript`\n* Markup:  `HTML`, `Jade`\n* Stylesheets: `CSS`, `Stylus`, `Sass`, `Less`,\n* Angular Routers: `ngRoute`, `ui-router`\n\n**Server**\n\n* Database: `None`, `MongoDB`\n* Authentication boilerplate: `Yes`, `No`\n* oAuth integrations: `Facebook` `Twitter` `Google`\n* Socket.io integration: `Yes`, `No`\n\n## Injection\n\nA grunt task looks for new files in your `client/app` and `client/components` folder and automatically injects them in the appropriate places based on an injection block.\n\n* `less` files into `client/app.less`\n* `scss` files into `client/app.scss`\n* `stylus` files into `client/app.styl`\n* `css` files into `client/index.html`\n* `js` files into `client/index.html`\n* `coffeescript` temp `js` files into `client/index.html`\n\n## Generators\n\nAvailable generators:\n\n* App\n    - [angular-fullstack](#app) (aka [angular-fullstack:app](#app))\n* Server Side\n    - [angular-fullstack:endpoint](#endpoint)\n* Client Side\n    - [angular-fullstack:route](#route)\n    - [angular-fullstack:controller](#controller)\n    - [angular-fullstack:filter](#filter)\n    - [angular-fullstack:directive](#directive)\n    - [angular-fullstack:service](#service)\n    - [angular-fullstack:provider](#service)\n    - [angular-fullstack:factory](#service)\n    - [angular-fullstack:decorator](#decorator)\n* Deployment\n    - [angular-fullstack:openshift](#openshift)\n    - [angular-fullstack:heroku](#heroku)\n\n### App\nSets up a new AngularJS + Express app, generating all the boilerplate you need to get started.\n\nExample:\n```bash\nyo angular-fullstack\n```\n\n### Endpoint\nGenerates a new API endpoint.\n\n\nExample:\n```bash\nyo angular-fullstack:endpoint message\n[?] What will the url of your endpoint to be? /api/messages\n```\n\nProduces:\n\n    server/api/message/index.js\n    server/api/message/message.spec.js\n    server/api/message/message.controller.js\n    server/api/message/message.model.js  (optional)\n    server/api/message/message.socket.js (optional)\n\n### Route\nGenerates a new route.\n\nExample:\n```bash\nyo angular-fullstack:route myroute\n[?] Where would you like to create this route? client/app/\n[?] What will the url of your route be? /myroute\n```\n\nProduces:\n\n    client/app/myroute/myroute.js\n    client/app/myroute/myroute.controller.js\n    client/app/myroute/myroute.controller.spec.js\n    client/app/myroute/myroute.html\n    client/app/myroute/myroute.scss\n\n\n### Controller\nGenerates a controller.\n\nExample:\n```bash\nyo angular-fullstack:controller user\n[?] Where would you like to create this controller? client/app/\n```\n\nProduces:\n\n    client/app/user/user.controller.js\n    client/app/user/user.controller.spec.js\n\n### Directive\nGenerates a directive.\n\nExample:\n```bash\nyo angular-fullstack:directive myDirective\n[?] Where would you like to create this directive? client/app/\n[?] Does this directive need an external html file? Yes\n```\n\nProduces:\n\n    client/app/myDirective/myDirective.directive.js\n    client/app/myDirective/myDirective.directive.spec.js\n    client/app/myDirective/myDirective.html\n    client/app/myDirective/myDirective.scss\n\n**Simple directive without an html file**\n\nExample:\n```bash\nyo angular-fullstack:directive simple\n[?] Where would you like to create this directive? client/app/\n[?] Does this directive need an external html file? No\n```\n\nProduces:\n\n    client/app/simple/simple.directive.js\n    client/app/simple/simple.directive.spec.js\n\n### Filter\nGenerates a filter.\n\nExample:\n```bash\nyo angular-fullstack:filter myFilter\n[?] Where would you like to create this filter? client/app/\n```\n\nProduces:\n\n    client/app/myFilter/myFilter.filter.js\n    client/app/myFilter/myFilter.filter.spec.js\n\n### Service\nGenerates an AngularJS service.\n\nExample:\n```bash\nyo angular-fullstack:service myService\n[?] Where would you like to create this service? client/app/\n```\n\nProduces:\n\n    client/app/myService/myService.service.js\n    client/app/myService/myService.service.spec.js\n\n\nYou can also do `yo angular:factory` and `yo angular:provider` for other types of services.\n\n### Decorator\nGenerates an AngularJS service decorator.\n\nExample:\n```bash\nyo angular-fullstack:decorator serviceName\n[?] Where would you like to create this decorator? client/app/\n```\n\nProduces\n\n    client/app/serviceName/serviceName.decorator.js\n\n###Openshift\n\nDeploying to OpenShift can be done in just a few steps:\n\n    yo angular-fullstack:openshift\n\nA live application URL will be available in the output.\n\n> **oAuth**\n>\n> If you\'re using any oAuth strategies, you must set environment variables for your selected oAuth. For example, if we\'re using Facebook oAuth we would do this :\n>\n>     rhc set-env FACEBOOK_ID=id -a my-openshift-app\n>     rhc set-env FACEBOOK_SECRET=secret -a my-openshift-app\n>\n> You will also need to set `DOMAIN` environment variable:\n>\n>     rhc config:set DOMAIN=<your-openshift-app-name>.rhcloud.com\n>\n>     # or (if you\'re using it):\n>\n>     rhc config:set DOMAIN=<your-custom-domain>\n>\n> After you\'ve set the required environment variables, restart the server:\n>\n>     rhc app-restart -a my-openshift-app\n\nTo make your deployment process easier consider using [grunt-build-control](https://github.com/robwierzbowski/grunt-build-control).\n\n**Pushing Updates**\n\n    grunt\n\nCommit and push the resulting build, located in your dist folder:\n\n    grunt buildcontrol:openshift\n\n### Heroku\n\nDeploying to heroku only takes a few steps.\n\n    yo angular-fullstack:heroku\n\nTo work with your new heroku app using the command line, you will need to run any `heroku` commands from the `dist` folder.\n\n\nIf you\'re using mongoDB you will need to add a database to your app:\n\n    heroku addons:add mongohq\n\nYour app should now be live. To view it run `heroku open`.\n\n>\n> If you\'re using any oAuth strategies, you must set environment variables for your selected oAuth. For example, if we\'re using **Facebook** oAuth we would do this :\n>\n>     heroku config:set FACEBOOK_ID=id\n>     heroku config:set FACEBOOK_SECRET=secret\n>\n> You will also need to set `DOMAIN` environment variable:\n>\n>     heroku config:set DOMAIN=<your-heroku-app-name>.herokuapp.com\n>\n>     # or (if you\'re using it):\n>\n>     heroku config:set DOMAIN=<your-custom-domain>\n>\n\nTo make your deployment process easier consider using [grunt-build-control](https://github.com/robwierzbowski/grunt-build-control).\n\n#### Pushing Updates\n\n    grunt\n\nCommit and push the resulting build, located in your dist folder:\n\n    grunt buildcontrol:heroku\n\n\n## Bower Components\n\nThe following packages are always installed by the [app](#app) generator:\n\n* angular\n* angular-cookies\n* angular-mocks\n* angular-resource\n* angular-sanitize\n* angular-scenario\n* es5-shim\n* font-awesome\n* json3\n* jquery\n* lodash\n\nThese packages are installed optionally depending on your configuration:\n\n* angular-route\n* angular-ui-router\n* angular-socket-io\n* angular-bootstrap\n* bootstrap\n\nAll of these can be updated with `bower update` as new versions are released.\n\n## Configuration\nYeoman generated projects can be further tweaked according to your needs by modifying project files appropriately.\n\nA `.yo-rc` file is generated for helping you copy configuration across projects, and to allow you to keep track of your settings. You can change this as you see fit.\n\n## Testing\n\nRunning `grunt test` will run the client and server unit tests with karma and mocha.\n\nUse `grunt test:server` to only run server tests.\n\nUse `grunt test:client` to only run client tests.\n\n**Protractor tests**\n\nTo setup protractor e2e tests, you must first run\n\n`npm run update-webdriver`\n\nUse `grunt test:e2e` to have protractor go through tests located in the `e2e` folder.\n\n## Environment Variables\n\nKeeping your app secrets and other sensitive information in source control isn\'t a good idea. To have grunt launch your app with specific environment variables, add them to the git ignored environment config file: `server/config/local.env.js`.\n\n## Project Structure\n\nOverview\n\n    ├── client\n    │   ├── app                 - All of our app specific components go in here\n    │   ├── assets              - Custom assets: fonts, images, etc…\n    │   ├── components          - Our reusable components, non-specific to to our app\n    │\n    ├── e2e                     - Our protractor end to end tests\n    │\n    └── server\n        ├── api                 - Our apps server api\n        ├── auth                - For handling authentication with different auth strategies\n        ├── components          - Our reusable or app-wide components\n        ├── config              - Where we do the bulk of our apps configuration\n        │   └── local.env.js    - Keep our environment variables out of source control\n        │   └── environment     - Configuration specific to the node environment\n        └── views               - Server rendered views\n\nAn example client component in `client/app`\n\n    main\n    ├── main.js                 - Routes\n    ├── main.controller.js      - Controller for our main route\n    ├── main.controller.spec.js - Test\n    ├── main.html               - View\n    └── main.less               - Styles\n\nAn example server component in `server/api`\n\n    thing\n    ├── index.js                - Routes\n    ├── thing.controller.js     - Controller for our `thing` endpoint\n    ├── thing.model.js          - Database model\n    ├── thing.socket.js         - Register socket events\n    └── thing.spec.js           - Test\n\n## Contribute\n\nSee the [contributing docs](https://github.com/DaftMonk/generator-angular-fullstack/blob/master/contributing.md)\n\nThis project has 2 main branches: `master` and `canary`. The `master` branch is where the current stable code lives and should be used for production setups. The `canary` branch is the main development branch, this is where PRs should be submitted to (backport fixes may be applied to `master`).\n\nBy seperating the current stable code from the cutting-edge development we hope to provide a stable and efficient workflow for users and developers alike.\n\nWhen submitting an issue, please follow the [guidelines](https://github.com/yeoman/yeoman/blob/master/contributing.md#issue-submission). Especially important is to make sure Yeoman is up-to-date, and providing the command or commands that cause the issue.\n\nWhen submitting a PR, make sure that the commit messages match the [AngularJS conventions](https://docs.google.com/document/d/1QrDFcIiPjSLDn3EL15IJygNPiHORgU1_OOAqWjiDU5Y/).\n\nWhen submitting a bugfix, try to write a test that exposes the bug and fails before applying your fix. Submit the test alongside the fix.\n\nWhen submitting a new feature, add tests that cover the feature.\n\nSee the `travis.yml` for configuration required to run tests.\n\n## License\n\n[BSD license](http://opensource.org/licenses/bsd-license.php)\n',
62 silly resolved     readmeFilename: 'readme.md',
62 silly resolved     _id: 'generator-angular-fullstack@2.0.13',
62 silly resolved     _from: 'generator-angular-fullstack@2.0.13' } ]
63 info install generator-angular-fullstack@2.0.13 into /usr/local/lib
64 info installOne generator-angular-fullstack@2.0.13
65 info /usr/local/lib/node_modules/generator-angular-fullstack unbuild
66 info preuninstall generator-angular-fullstack@1.3.3
67 info uninstall generator-angular-fullstack@1.3.3
68 verbose true,/usr/local/lib/node_modules,/usr/local/lib/node_modules unbuild generator-angular-fullstack@1.3.3
69 info postuninstall generator-angular-fullstack@1.3.3
70 info /usr/local/lib/node_modules/generator-angular-fullstack unbuild
71 info preuninstall generator-angular-fullstack@1.3.3
72 info uninstall generator-angular-fullstack@1.3.3
73 verbose true,/usr/local/lib/node_modules,/usr/local/lib/node_modules unbuild generator-angular-fullstack@1.3.3
74 info postuninstall generator-angular-fullstack@1.3.3
75 error error rolling back Error: EACCES, unlink '/usr/local/lib/node_modules/generator-angular-fullstack'
75 error error rolling back  generator-angular-fullstack@2.0.13 { [Error: EACCES, unlink '/usr/local/lib/node_modules/generator-angular-fullstack']
75 error error rolling back   errno: 3,
75 error error rolling back   code: 'EACCES',
75 error error rolling back   path: '/usr/local/lib/node_modules/generator-angular-fullstack' }
76 error Error: EACCES, unlink '/usr/local/lib/node_modules/generator-angular-fullstack'
76 error  { [Error: EACCES, unlink '/usr/local/lib/node_modules/generator-angular-fullstack']
76 error   errno: 3,
76 error   code: 'EACCES',
76 error   path: '/usr/local/lib/node_modules/generator-angular-fullstack' }
77 error Please try running this command again as root/Administrator.
78 error System Darwin 13.4.0
79 error command "node" "/usr/local/bin/npm" "update" "-g" "generator-angular-fullstack"
80 error cwd /Users/quentindejean/Repositories/test
81 error node -v v0.10.24
82 error npm -v 1.3.21
83 error path /usr/local/lib/node_modules/generator-angular-fullstack
84 error code EACCES
85 error errno 3
86 error stack Error: EACCES, unlink '/usr/local/lib/node_modules/generator-angular-fullstack'
87 verbose exit [ 3, true ]
